{"numTotalTestSuites":10,"numPassedTestSuites":10,"numFailedTestSuites":0,"numPendingTestSuites":0,"numTotalTests":16,"numPassedTests":16,"numFailedTests":0,"numPendingTests":0,"numTodoTests":0,"snapshot":{"added":0,"failure":false,"filesAdded":0,"filesRemoved":0,"filesRemovedList":[],"filesUnmatched":0,"filesUpdated":0,"matched":0,"total":0,"unchecked":0,"uncheckedKeysByFile":[],"unmatched":0,"updated":0,"didUpdate":false},"startTime":1775664741475,"success":true,"testResults":[{"assertionResults":[{"ancestorTitles":["interpolateTemplate"],"fullName":"interpolateTemplate replaces known keys","status":"passed","title":"replaces known keys","duration":3.902900000000045,"failureMessages":[],"meta":{}},{"ancestorTitles":["interpolateTemplate"],"fullName":"interpolateTemplate trims spaces inside braces","status":"passed","title":"trims spaces inside braces","duration":0.41010000000005675,"failureMessages":[],"meta":{}},{"ancestorTitles":["interpolateTemplate"],"fullName":"interpolateTemplate uses empty string for unknown keys","status":"passed","title":"uses empty string for unknown keys","duration":0.32670000000052823,"failureMessages":[],"meta":{}},{"ancestorTitles":["interpolateTemplate"],"fullName":"interpolateTemplate returns empty for falsy template","status":"passed","title":"returns empty for falsy template","duration":0.23580000000038126,"failureMessages":[],"meta":{}},{"ancestorTitles":["buildClientEmailContext"],"fullName":"buildClientEmailContext prefers contact name and company fields","status":"passed","title":"prefers contact name and company fields","duration":0.9458000000004176,"failureMessages":[],"meta":{}},{"ancestorTitles":["buildQuotationEmailContext"],"fullName":"buildQuotationEmailContext includes respond URLs when token and base are set","status":"passed","title":"includes respond URLs when token and base are set","duration":137.0734999999995,"failureMessages":[],"meta":{}},{"ancestorTitles":["buildQuotationEmailContext"],"fullName":"buildQuotationEmailContext omits action buttons for internal copy","status":"passed","title":"omits action buttons for internal copy","duration":1.3770000000004075,"failureMessages":[],"meta":{}},{"ancestorTitles":["buildFinalEmailHtml"],"fullName":"buildFinalEmailHtml wraps external categories with branding shell","status":"passed","title":"wraps external categories with branding shell","duration":0.7341000000005806,"failureMessages":[],"meta":{}},{"ancestorTitles":["buildFinalEmailHtml"],"fullName":"buildFinalEmailHtml uses minimal wrapper for internal_email","status":"passed","title":"uses minimal wrapper for internal_email","duration":0.4970000000002983,"failureMessages":[],"meta":{}},{"ancestorTitles":["buildReportEmailContext"],"fullName":"buildReportEmailContext formats KPI table","status":"passed","title":"formats KPI table","duration":2.5670000000000073,"failureMessages":[],"meta":{}}],"startTime":1775664747627,"endTime":1775664747777.567,"status":"passed","message":"","name":"D:/logistics-crm/src/services/emailPlaceholders.test.js"},{"assertionResults":[{"ancestorTitles":["calcLineTax"],"fullName":"calcLineTax computes tax from qty, price, and percent","status":"passed","title":"computes tax from qty, price, and percent","duration":2.68119999999999,"failureMessages":[],"meta":{}},{"ancestorTitles":["calcLineTax"],"fullName":"calcLineTax treats missing numbers as zero","status":"passed","title":"treats missing numbers as zero","duration":0.6109000000001288,"failureMessages":[],"meta":{}},{"ancestorTitles":["calcQuoteTotals"],"fullName":"calcQuoteTotals sums subtotal, tax, discount, and final amount","status":"passed","title":"sums subtotal, tax, discount, and final amount","duration":1.1810999999997875,"failureMessages":[],"meta":{}},{"ancestorTitles":["calcQuoteTotals"],"fullName":"calcQuoteTotals never returns negative final amount","status":"passed","title":"never returns negative final amount","duration":0.42709999999988213,"failureMessages":[],"meta":{}},{"ancestorTitles":["calcQuoteTotals"],"fullName":"calcQuoteTotals handles non-array items","status":"passed","title":"handles non-array items","duration":1.839100000000144,"failureMessages":[],"meta":{}},{"ancestorTitles":["calcInvoiceTotals"],"fullName":"calcInvoiceTotals returns subtotal plus tax","status":"passed","title":"returns subtotal plus tax","duration":0.8535999999999149,"failureMessages":[],"meta":{}}],"startTime":1775664744773,"endTime":1775664744781.8535,"status":"passed","message":"","name":"D:/logistics-crm/src/utils/quoteCalculations.test.js"}]}