{"numTotalTestSuites":10,"numPassedTestSuites":10,"numFailedTestSuites":0,"numPendingTestSuites":0,"numTotalTests":16,"numPassedTests":16,"numFailedTests":0,"numPendingTests":0,"numTodoTests":0,"snapshot":{"added":0,"failure":false,"filesAdded":0,"filesRemoved":0,"filesRemovedList":[],"filesUnmatched":0,"filesUpdated":0,"matched":0,"total":0,"unchecked":0,"uncheckedKeysByFile":[],"unmatched":0,"updated":0,"didUpdate":false},"startTime":1775653639290,"success":true,"testResults":[{"assertionResults":[{"ancestorTitles":["interpolateTemplate"],"fullName":"interpolateTemplate replaces known keys","status":"passed","title":"replaces known keys","duration":1.17450000000008,"failureMessages":[],"meta":{}},{"ancestorTitles":["interpolateTemplate"],"fullName":"interpolateTemplate trims spaces inside braces","status":"passed","title":"trims spaces inside braces","duration":0.16110000000026048,"failureMessages":[],"meta":{}},{"ancestorTitles":["interpolateTemplate"],"fullName":"interpolateTemplate uses empty string for unknown keys","status":"passed","title":"uses empty string for unknown keys","duration":0.11819999999988795,"failureMessages":[],"meta":{}},{"ancestorTitles":["interpolateTemplate"],"fullName":"interpolateTemplate returns empty for falsy template","status":"passed","title":"returns empty for falsy template","duration":0.15080000000034488,"failureMessages":[],"meta":{}},{"ancestorTitles":["buildClientEmailContext"],"fullName":"buildClientEmailContext prefers contact name and company fields","status":"passed","title":"prefers contact name and company fields","duration":0.2209999999995489,"failureMessages":[],"meta":{}},{"ancestorTitles":["buildQuotationEmailContext"],"fullName":"buildQuotationEmailContext includes respond URLs when token and base are set","status":"passed","title":"includes respond URLs when token and base are set","duration":82.73659999999927,"failureMessages":[],"meta":{}},{"ancestorTitles":["buildQuotationEmailContext"],"fullName":"buildQuotationEmailContext omits action buttons for internal copy","status":"passed","title":"omits action buttons for internal copy","duration":0.6473999999998341,"failureMessages":[],"meta":{}},{"ancestorTitles":["buildFinalEmailHtml"],"fullName":"buildFinalEmailHtml wraps external categories with branding shell","status":"passed","title":"wraps external categories with branding shell","duration":0.4679999999998472,"failureMessages":[],"meta":{}},{"ancestorTitles":["buildFinalEmailHtml"],"fullName":"buildFinalEmailHtml uses minimal wrapper for internal_email","status":"passed","title":"uses minimal wrapper for internal_email","duration":0.26340000000072905,"failureMessages":[],"meta":{}},{"ancestorTitles":["buildReportEmailContext"],"fullName":"buildReportEmailContext formats KPI table","status":"passed","title":"formats KPI table","duration":2.925199999999677,"failureMessages":[],"meta":{}}],"startTime":1775653644157,"endTime":1775653644245.9253,"status":"passed","message":"","name":"D:/logistics-crm/src/services/emailPlaceholders.test.js"},{"assertionResults":[{"ancestorTitles":["calcLineTax"],"fullName":"calcLineTax computes tax from qty, price, and percent","status":"passed","title":"computes tax from qty, price, and percent","duration":2.2638999999999214,"failureMessages":[],"meta":{}},{"ancestorTitles":["calcLineTax"],"fullName":"calcLineTax treats missing numbers as zero","status":"passed","title":"treats missing numbers as zero","duration":0.3864000000000942,"failureMessages":[],"meta":{}},{"ancestorTitles":["calcQuoteTotals"],"fullName":"calcQuoteTotals sums subtotal, tax, discount, and final amount","status":"passed","title":"sums subtotal, tax, discount, and final amount","duration":0.49490000000014334,"failureMessages":[],"meta":{}},{"ancestorTitles":["calcQuoteTotals"],"fullName":"calcQuoteTotals never returns negative final amount","status":"passed","title":"never returns negative final amount","duration":0.19080000000008113,"failureMessages":[],"meta":{}},{"ancestorTitles":["calcQuoteTotals"],"fullName":"calcQuoteTotals handles non-array items","status":"passed","title":"handles non-array items","duration":1.0295000000000982,"failureMessages":[],"meta":{}},{"ancestorTitles":["calcInvoiceTotals"],"fullName":"calcInvoiceTotals returns subtotal plus tax","status":"passed","title":"returns subtotal plus tax","duration":0.3007999999999811,"failureMessages":[],"meta":{}}],"startTime":1775653641286,"endTime":1775653641290.3008,"status":"passed","message":"","name":"D:/logistics-crm/src/utils/quoteCalculations.test.js"}]}